<?xml version="1.0" encoding="UTF-8"?>
<testsuite xmlns:xsi="http://www.w3.org/2001/XMLSchema-instance" xsi:noNamespaceSchemaLocation="https://maven.apache.org/surefire/maven-surefire-plugin/xsd/surefire-test-report-3.0.xsd" version="3.0" name="sn.faty.departmentService.DepartmentServiceApplicationTests" time="7.042" tests="1" errors="0" skipped="0" failures="0">
  <properties>
[...]
</properties>
  <testcase name="contextLoads" classname="sn.faty.departmentService.DepartmentServiceApplicationTests" time="0.746">
    <system-out><![CDATA[23:51:51.360 [main] INFO org.springframework.test.context.support.AnnotationConfigContextLoaderUtils -- Could not detect default configuration classes for test class [sn.faty.departmentService.DepartmentServiceApplicationTests]: DepartmentServiceApplicationTests does not declare any static, non-private, non-final, nested classes annotated with @Configuration.
23:51:51.479 [main] INFO org.springframework.boot.test.context.SpringBootTestContextBootstrapper -- Found @SpringBootConfiguration sn.faty.departmentService.DepartmentServiceApplication for test class sn.faty.departmentService.DepartmentServiceApplicationTests

  .   ____          _            __ _ _
 /\\ / ___'_ __ _ _(_)_ __  __ _ \ \ \ \
( ( )\___ | '_ | '_| | '_ \/ _` | \ \ \ \
 \\/  ___)| |_)| | | | | || (_| |  ) ) ) )
  '  |____| .__|_| |_|_| |_\__, | / / / /
 =========|_|==============|___/=/_/_/_/
 :: Spring Boot ::                (v3.2.5)

2024-06-04T23:51:52.378+02:00  INFO 4612 --- [DEPARTMENT-SERVICE] [           main] s.f.d.DepartmentServiceApplicationTests  : Starting DepartmentServiceApplicationTests using Java 22.0.1 with PID 4612 (started by FATY in C:\Users\FATY\IdeaProjects\Microservices\departmentService)
2024-06-04T23:51:52.380+02:00  INFO 4612 --- [DEPARTMENT-SERVICE] [           main] s.f.d.DepartmentServiceApplicationTests  : No active profile set, falling back to 1 default profile: "default"
2024-06-04T23:51:53.216+02:00  INFO 4612 --- [DEPARTMENT-SERVICE] [           main] .s.d.r.c.RepositoryConfigurationDelegate : Bootstrapping Spring Data JPA repositories in DEFAULT mode.
2024-06-04T23:51:53.379+02:00  INFO 4612 --- [DEPARTMENT-SERVICE] [           main] .s.d.r.c.RepositoryConfigurationDelegate : Finished Spring Data repository scanning in 152 ms. Found 1 JPA repository interface.
2024-06-04T23:51:53.677+02:00  INFO 4612 --- [DEPARTMENT-SERVICE] [           main] o.s.cloud.context.scope.GenericScope     : BeanFactory id=fae111f4-8a43-348d-a8e4-e4c3b4a1651d
2024-06-04T23:51:53.878+02:00  WARN 4612 --- [DEPARTMENT-SERVICE] [           main] trationDelegate$BeanPostProcessorChecker : Bean 'org.springframework.cloud.client.loadbalancer.LoadBalancerAutoConfiguration$DeferringLoadBalancerInterceptorConfig' of type [org.springframework.cloud.client.loadbalancer.LoadBalancerAutoConfiguration$DeferringLoadBalancerInterceptorConfig] is not eligible for getting processed by all BeanPostProcessors (for example: not eligible for auto-proxying). The currently created BeanPostProcessor [lbRestClientPostProcessor] is declared through a non-static factory method on that class; consider declaring it as static instead.
2024-06-04T23:51:53.881+02:00  WARN 4612 --- [DEPARTMENT-SERVICE] [           main] trationDelegate$BeanPostProcessorChecker : Bean 'deferringLoadBalancerInterceptor' of type [org.springframework.cloud.client.loadbalancer.DeferringLoadBalancerInterceptor] is not eligible for getting processed by all BeanPostProcessors (for example: not eligible for auto-proxying). Is this bean getting eagerly injected into a currently created BeanPostProcessor [lbRestClientPostProcessor]? Check the corresponding BeanPostProcessor declaration and its dependencies.
2024-06-04T23:51:54.064+02:00  INFO 4612 --- [DEPARTMENT-SERVICE] [           main] o.hibernate.jpa.internal.util.LogHelper  : HHH000204: Processing PersistenceUnitInfo [name: default]
2024-06-04T23:51:54.138+02:00  INFO 4612 --- [DEPARTMENT-SERVICE] [           main] org.hibernate.Version                    : HHH000412: Hibernate ORM core version 6.4.4.Final
2024-06-04T23:51:54.191+02:00  INFO 4612 --- [DEPARTMENT-SERVICE] [           main] o.h.c.internal.RegionFactoryInitiator    : HHH000026: Second-level cache disabled
2024-06-04T23:51:54.493+02:00  INFO 4612 --- [DEPARTMENT-SERVICE] [           main] o.s.o.j.p.SpringPersistenceUnitInfo      : No LoadTimeWeaver setup: ignoring JPA class transformer
2024-06-04T23:51:54.525+02:00  INFO 4612 --- [DEPARTMENT-SERVICE] [           main] com.zaxxer.hikari.HikariDataSource       : HikariPool-1 - Starting...
2024-06-04T23:51:54.683+02:00  INFO 4612 --- [DEPARTMENT-SERVICE] [           main] com.zaxxer.hikari.pool.HikariPool        : HikariPool-1 - Added connection com.mysql.cj.jdbc.ConnectionImpl@1d8be7b9
2024-06-04T23:51:54.685+02:00  INFO 4612 --- [DEPARTMENT-SERVICE] [           main] com.zaxxer.hikari.HikariDataSource       : HikariPool-1 - Start completed.
2024-06-04T23:51:54.727+02:00  WARN 4612 --- [DEPARTMENT-SERVICE] [           main] org.hibernate.dialect.Dialect            : HHH000511: The 5.5.0 version for [org.hibernate.dialect.MySQLDialect] is no longer supported, hence certain features may not work properly. The minimum supported version is 8.0.0. Check the community dialects project for available legacy versions.
2024-06-04T23:51:54.731+02:00  WARN 4612 --- [DEPARTMENT-SERVICE] [           main] org.hibernate.orm.deprecation            : HHH90000025: MySQLDialect does not need to be specified explicitly using 'hibernate.dialect' (remove the property setting and it will be selected by default)
2024-06-04T23:51:55.519+02:00  INFO 4612 --- [DEPARTMENT-SERVICE] [           main] o.h.e.t.j.p.i.JtaPlatformInitiator       : HHH000489: No JTA platform available (set 'hibernate.transaction.jta.platform' to enable JTA platform integration)
2024-06-04T23:51:55.603+02:00  INFO 4612 --- [DEPARTMENT-SERVICE] [           main] j.LocalContainerEntityManagerFactoryBean : Initialized JPA EntityManagerFactory for persistence unit 'default'
2024-06-04T23:51:56.169+02:00  WARN 4612 --- [DEPARTMENT-SERVICE] [           main] JpaBaseConfiguration$JpaWebConfiguration : spring.jpa.open-in-view is enabled by default. Therefore, database queries may be performed during view rendering. Explicitly configure spring.jpa.open-in-view to disable this warning
2024-06-04T23:51:56.751+02:00  INFO 4612 --- [DEPARTMENT-SERVICE] [           main] DiscoveryClientOptionalArgsConfiguration : Eureka HTTP Client uses RestTemplate.
2024-06-04T23:51:56.800+02:00  WARN 4612 --- [DEPARTMENT-SERVICE] [           main] iguration$LoadBalancerCaffeineWarnLogger : Spring Cloud LoadBalancer is currently working with the default cache. While this cache implementation is useful for development and tests, it's recommended to use Caffeine cache in production.You can switch to using Caffeine cache, by adding it and org.springframework.cache.caffeine.CaffeineCacheManager to the classpath.
2024-06-04T23:51:56.827+02:00  INFO 4612 --- [DEPARTMENT-SERVICE] [           main] o.s.c.n.eureka.InstanceInfoFactory       : Setting initial instance status as: STARTING
2024-06-04T23:51:56.943+02:00  INFO 4612 --- [DEPARTMENT-SERVICE] [           main] com.netflix.discovery.DiscoveryClient    : Initializing Eureka in region us-east-1
2024-06-04T23:51:56.947+02:00  INFO 4612 --- [DEPARTMENT-SERVICE] [           main] c.n.d.s.r.aws.ConfigClusterResolver      : Resolving eureka endpoints via configuration
2024-06-04T23:51:56.972+02:00  INFO 4612 --- [DEPARTMENT-SERVICE] [           main] com.netflix.discovery.DiscoveryClient    : Disable delta property : false
2024-06-04T23:51:56.972+02:00  INFO 4612 --- [DEPARTMENT-SERVICE] [           main] com.netflix.discovery.DiscoveryClient    : Single vip registry refresh property : null
2024-06-04T23:51:56.972+02:00  INFO 4612 --- [DEPARTMENT-SERVICE] [           main] com.netflix.discovery.DiscoveryClient    : Force full registry fetch : false
2024-06-04T23:51:56.972+02:00  INFO 4612 --- [DEPARTMENT-SERVICE] [           main] com.netflix.discovery.DiscoveryClient    : Application is null : false
2024-06-04T23:51:56.972+02:00  INFO 4612 --- [DEPARTMENT-SERVICE] [           main] com.netflix.discovery.DiscoveryClient    : Registered Applications size is zero : true
2024-06-04T23:51:56.972+02:00  INFO 4612 --- [DEPARTMENT-SERVICE] [           main] com.netflix.discovery.DiscoveryClient    : Application version is -1: true
2024-06-04T23:51:56.973+02:00  INFO 4612 --- [DEPARTMENT-SERVICE] [           main] com.netflix.discovery.DiscoveryClient    : Getting all instance registry info from the eureka server
2024-06-04T23:51:57.401+02:00  INFO 4612 --- [DEPARTMENT-SERVICE] [           main] com.netflix.discovery.DiscoveryClient    : The response status is 200
2024-06-04T23:51:57.404+02:00  INFO 4612 --- [DEPARTMENT-SERVICE] [           main] com.netflix.discovery.DiscoveryClient    : Starting heartbeat executor: renew interval is: 30
2024-06-04T23:51:57.407+02:00  INFO 4612 --- [DEPARTMENT-SERVICE] [           main] c.n.discovery.InstanceInfoReplicator     : InstanceInfoReplicator onDemand update allowed rate per min is 4
2024-06-04T23:51:57.411+02:00  INFO 4612 --- [DEPARTMENT-SERVICE] [           main] com.netflix.discovery.DiscoveryClient    : Discovery Client initialized at timestamp 1717537917411 with initial instances count: 1
2024-06-04T23:51:57.414+02:00  INFO 4612 --- [DEPARTMENT-SERVICE] [           main] o.s.c.n.e.s.EurekaServiceRegistry        : Registering application DEPARTMENT-SERVICE with eureka with status UP
2024-06-04T23:51:57.415+02:00  INFO 4612 --- [DEPARTMENT-SERVICE] [           main] com.netflix.discovery.DiscoveryClient    : Saw local status change event StatusChangeEvent [timestamp=1717537917415, current=UP, previous=STARTING]
2024-06-04T23:51:57.417+02:00  INFO 4612 --- [DEPARTMENT-SERVICE] [nfoReplicator-0] com.netflix.discovery.DiscoveryClient    : DiscoveryClient_DEPARTMENT-SERVICE/DESKTOP-C8DHSPI.home:DEPARTMENT-SERVICE:8081: registering service...
2024-06-04T23:51:57.428+02:00  INFO 4612 --- [DEPARTMENT-SERVICE] [           main] s.f.d.DepartmentServiceApplicationTests  : Started DepartmentServiceApplicationTests in 5.776 seconds (process running for 6.904)
2024-06-04T23:51:57.471+02:00  INFO 4612 --- [DEPARTMENT-SERVICE] [nfoReplicator-0] com.netflix.discovery.DiscoveryClient    : DiscoveryClient_DEPARTMENT-SERVICE/DESKTOP-C8DHSPI.home:DEPARTMENT-SERVICE:8081 - registration status: 204
]]></system-out>
    <system-err><![CDATA[WARNING: A Java agent has been loaded dynamically (C:\Users\FATY\.m2\repository\net\bytebuddy\byte-buddy-agent\1.14.13\byte-buddy-agent-1.14.13.jar)
WARNING: If a serviceability tool is in use, please run with -XX:+EnableDynamicAgentLoading to hide this warning
WARNING: If a serviceability tool is not in use, please run with -Djdk.instrument.traceUsage for more information
WARNING: Dynamic loading of agents will be disallowed by default in a future release
]]></system-err>
  </testcase>
</testsuite>